0 info it worked if it ends with ok
1 verbose cli [ 'D:\\nodejs\\node.exe',
1 verbose cli   'D:\\nodejs\\node_modules\\npm\\bin\\npm-cli.js',
1 verbose cli   'start' ]
2 info using npm@3.10.10
3 info using node@v6.9.4
4 verbose run-script [ 'prestart', 'start', 'poststart' ]
5 info lifecycle Nodejs@1.0.0~prestart: Nodejs@1.0.0
6 silly lifecycle Nodejs@1.0.0~prestart: no script for prestart, continuing
7 info lifecycle Nodejs@1.0.0~start: Nodejs@1.0.0
8 verbose lifecycle Nodejs@1.0.0~start: unsafe-perm in lifecycle true
9 verbose lifecycle Nodejs@1.0.0~start: PATH: D:\nodejs\node_modules\npm\bin\node-gyp-bin;C:\Users\Maxx\Desktop\Nodejs-API-with-jwt\node_modules\.bin;C:\Users\Maxx\bin;C:\Program Files\Git\mingw64\bin;C:\Program Files\Git\usr\local\bin;C:\Program Files\Git\usr\bin;C:\Program Files\Git\usr\bin;C:\Program Files\Git\mingw64\bin;C:\Program Files\Git\usr\bin;C:\Users\Maxx\bin;C:\Windows\system32;C:\Windows;C:\Windows\System32\Wbem;C:\Windows\System32\WindowsPowerShell\v1.0;C:\Program Files (x86)\Skype\Phone;C:\Program Files (x86)\NVIDIA Corporation\PhysX\Common;C:\Program Files\Java\jdk1.8.0_111\bin;C:\xamppp\php;C:\ProgramData\ComposerSetup\bin;C:\WINDOWS\system32\config\systemprofile\.dnx\bin;C:\Program Files\Microsoft DNX\Dnvm;C:\Program Files\Microsoft SQL Server\130\Tools\Binn;D:\nodejs;C:\Program Files\Git\cmd;C:\TDM-GCC-64\bin;C:\Users\Maxx\Desktop\android_sdk\tools\bin;C:\WINDOWS\system32;C:\WINDOWS;C:\WINDOWS\System32\Wbem;C:\WINDOWS\System32\WindowsPowerShell\v1.0;C:\Users\Maxx\AppData\Roaming\Composer\vendor\bin;C:\Users\Maxx\AppData\Roaming\npm;C:\Program Files\MongoDB\Server\3.0\bin;C:\Program Files\Docker Toolbox;C:\Program Files\Heroku\bin;C:\Program Files (x86)\Microsoft VS Code\bin;C:\Users\Maxx\AppData\Local\Microsoft\WindowsApps;C:\Program Files\Git\usr\bin\vendor_perl;C:\Program Files\Git\usr\bin\core_perl
10 verbose lifecycle Nodejs@1.0.0~start: CWD: C:\Users\Maxx\Desktop\Nodejs-API-with-jwt
11 silly lifecycle Nodejs@1.0.0~start: Args: [ '/d /s /c', 'node dist/app/server.js' ]
12 silly lifecycle Nodejs@1.0.0~start: Returned: code: 1  signal: null
13 info lifecycle Nodejs@1.0.0~start: Failed to exec start script
14 verbose stack Error: Nodejs@1.0.0 start: `node dist/app/server.js`
14 verbose stack Exit status 1
14 verbose stack     at EventEmitter.<anonymous> (D:\nodejs\node_modules\npm\lib\utils\lifecycle.js:255:16)
14 verbose stack     at emitTwo (events.js:106:13)
14 verbose stack     at EventEmitter.emit (events.js:191:7)
14 verbose stack     at ChildProcess.<anonymous> (D:\nodejs\node_modules\npm\lib\utils\spawn.js:40:14)
14 verbose stack     at emitTwo (events.js:106:13)
14 verbose stack     at ChildProcess.emit (events.js:191:7)
14 verbose stack     at maybeClose (internal/child_process.js:877:16)
14 verbose stack     at Process.ChildProcess._handle.onexit (internal/child_process.js:226:5)
15 verbose pkgid Nodejs@1.0.0
16 verbose cwd C:\Users\Maxx\Desktop\Nodejs-API-with-jwt
17 error Windows_NT 10.0.15063
18 error argv "D:\\nodejs\\node.exe" "D:\\nodejs\\node_modules\\npm\\bin\\npm-cli.js" "start"
19 error node v6.9.4
20 error npm  v3.10.10
21 error code ELIFECYCLE
22 error Nodejs@1.0.0 start: `node dist/app/server.js`
22 error Exit status 1
23 error Failed at the Nodejs@1.0.0 start script 'node dist/app/server.js'.
23 error Make sure you have the latest version of node.js and npm installed.
23 error If you do, this is most likely a problem with the Nodejs package,
23 error not with npm itself.
23 error Tell the author that this fails on your system:
23 error     node dist/app/server.js
23 error You can get information on how to open an issue for this project with:
23 error     npm bugs Nodejs
23 error Or if that isn't available, you can get their info via:
23 error     npm owner ls Nodejs
23 error There is likely additional logging output above.
24 verbose exit [ 1, true ]
